
> vibe-generated-app@1.0.0 dev
> vite


  VITE v5.4.20  ready in 212 ms

  ➜  Local:   http://localhost:3000/
  ➜  Network: http://172.20.95.197:3000/
1:24:32 PM [vite] Pre-transform error: Transform failed with 1 error:
/home/workspace/src/App.jsx:38:106: ERROR: Unterminated string literal
1:24:33 PM [vite] Internal server error: Transform failed with 1 error:
/home/workspace/src/App.jsx:38:106: ERROR: Unterminated string literal
  Plugin: vite:esbuild
  File: /home/workspace/src/App.jsx:38:106
  
  Unterminated string literal
  36 |      insights: [
  37 |        { type: 'perf', text: 'Built semantic filenames + alt text programmatically from taxonomy to scale image SEO.' },
  38 |        { type: 'seo', text: 'Added EXIF/ IPTC, WebP/AVIF, and lazy-loading heuristics to maximize LCP.\' },
     |                                                                                                            ^
  39 |        { type: 'seo', text: 'Published licensing and credit patterns to encourage attribution backlinks.' },
  40 |      ],
  
      at failureErrorWithLog (/home/workspace/node_modules/esbuild/lib/main.js:1472:15)
      at /home/workspace/node_modules/esbuild/lib/main.js:755:50
      at responseCallbacks.<computed> (/home/workspace/node_modules/esbuild/lib/main.js:622:9)
      at handleIncomingPacket (/home/workspace/node_modules/esbuild/lib/main.js:677:12)
      at Socket.readFromStdout (/home/workspace/node_modules/esbuild/lib/main.js:600:7)
      at Socket.emit (node:events:508:28)
      at addChunk (node:internal/streams/readable:559:12)
      at readableAddChunkPushByteMode (node:internal/streams/readable:510:3)
      at Readable.push (node:internal/streams/readable:390:5)
      at Pipe.onStreamRead (node:internal/stream_base_commons:189:23)
